<?xml version="1.0" encoding="UTF-8"?>
<!-- Generated by org.testng.reporters.JUnitReportReporter -->
<testsuite hostname="DESKTOP-DPB5V59" failures="0" tests="2" name="com.capmo.qa.testcases.CapmoLoginTest" time="0.646" errors="0" timestamp="2022-02-06T11:34:50 CET" skipped="0">
  <testcase classname="com.capmo.qa.testcases.CapmoLoginTest" name="verifyHomePageTitleTest" time="0.061"/>
  <system-out/>
  <testcase classname="com.capmo.qa.testcases.CapmoLoginTest" name="verifyLoginWithValidCredentials" time="0.585"/>
  <system-out/>
</testsuite> <!-- com.capmo.qa.testcases.CapmoLoginTest -->
