<?xml version="1.0" encoding="UTF-8"?>
<!-- Generated by org.testng.reporters.JUnitReportReporter -->
<testsuite hostname="DESKTOP-DPB5V59" failures="0" tests="1" name="com.capmo.qa.testcases.CapmoProductTest" time="8.482" errors="0" timestamp="2022-02-07T16:41:58 CET" skipped="0">
  <testcase classname="com.capmo.qa.testcases.CapmoProductTest" name="addMaxItemIntheCartAndVerify" time="8.482"/>
  <system-out/>
</testsuite> <!-- com.capmo.qa.testcases.CapmoProductTest -->
