<?xml version="1.0" encoding="UTF-8"?>
<!-- Generated by org.testng.reporters.JUnitReportReporter -->
<testsuite hostname="DESKTOP-DPB5V59" failures="0" tests="3" name="com.capmo.qa.testcases.CapmoLoginTest" time="18.230" errors="0" timestamp="2022-02-07T16:51:51 CET" skipped="0">
  <testcase classname="com.capmo.qa.testcases.CapmoLoginTest" name="verifyLoginWithValidCredentials" time="5.711"/>
  <system-out/>
  <testcase classname="com.capmo.qa.testcases.CapmoLoginTest" name="verifyHomePageTitleTest" time="5.304"/>
  <system-out/>
  <testcase classname="com.capmo.qa.testcases.CapmoLoginTest" name="verifyLoginWithInValidCredentials" time="7.215"/>
  <system-out/>
</testsuite> <!-- com.capmo.qa.testcases.CapmoLoginTest -->
